<<<<<<< HEAD
\\mac\home\documents\github\scotteffectiveseries\effective_modern_c++\effectiveitems\pa1\debug\vc142.pdb
\\mac\home\documents\github\scotteffectiveseries\effective_modern_c++\effectiveitems\pa1\debug\a.obj
\\mac\home\documents\github\scotteffectiveseries\effective_modern_c++\effectiveitems\pa1\debug\testingclass.obj
\\mac\home\documents\github\scotteffectiveseries\effective_modern_c++\effectiveitems\pa1\debug\main.obj
\\mac\home\documents\github\scotteffectiveseries\effective_modern_c++\effectiveitems\pa1\debug\item7.obj
\\mac\home\documents\github\scotteffectiveseries\effective_modern_c++\effectiveitems\pa1\debug\threadhelper.obj
\\mac\home\documents\github\scotteffectiveseries\effective_modern_c++\effectiveitems\pa1\debug\threaddictionary.obj
\\mac\home\documents\github\scotteffectiveseries\effective_modern_c++\effectiveitems\debug\effectiveitems.ilk
\\mac\home\documents\github\scotteffectiveseries\effective_modern_c++\effectiveitems\debug\effectiveitems.exe
\\mac\home\documents\github\scotteffectiveseries\effective_modern_c++\effectiveitems\debug\effectiveitems.pdb
e:\c++project\scotteffectiveseries\selfadded\effectiveitems\pa1\debug\a.obj
e:\c++project\scotteffectiveseries\selfadded\effectiveitems\pa1\debug\item4.obj
e:\c++project\scotteffectiveseries\selfadded\effectiveitems\pa1\debug\item7.obj
e:\c++project\scotteffectiveseries\selfadded\effectiveitems\pa1\debug\main.obj
e:\c++project\scotteffectiveseries\selfadded\effectiveitems\pa1\debug\testingclass.obj
e:\c++project\scotteffectiveseries\selfadded\effectiveitems\pa1\debug\threaddictionary.obj
e:\c++project\scotteffectiveseries\selfadded\effectiveitems\pa1\debug\threadhelper.obj
e:\c++project\scotteffectiveseries\selfadded\effectiveitems\pa1\debug\vc142.pdb
e:\c++project\scotteffectiveseries\selfadded\effectiveitems\debug\effectiveitems.pdb
e:\c++project\scotteffectiveseries\selfadded\effectiveitems\debug\effectiveitems.exe
e:\c++project\scotteffectiveseries\selfadded\effectiveitems\debug\effectiveitems.ilk
e:\c++project\scotteffectiveseries\selfadded\effectiveitems\pa1\debug\effectiveitems.tlog\cl.command.1.tlog
e:\c++project\scotteffectiveseries\selfadded\effectiveitems\pa1\debug\effectiveitems.tlog\cl.read.1.tlog
e:\c++project\scotteffectiveseries\selfadded\effectiveitems\pa1\debug\effectiveitems.tlog\cl.write.1.tlog
e:\c++project\scotteffectiveseries\selfadded\effectiveitems\pa1\debug\effectiveitems.tlog\link.command.1.tlog
e:\c++project\scotteffectiveseries\selfadded\effectiveitems\pa1\debug\effectiveitems.tlog\link.read.1.tlog
e:\c++project\scotteffectiveseries\selfadded\effectiveitems\pa1\debug\effectiveitems.tlog\link.write.1.tlog
=======
\\mac\home\documents\github\scotteffectiveseries\selfadded\effectiveitems\pa1\debug\vc142.pdb
\\mac\home\documents\github\scotteffectiveseries\selfadded\effectiveitems\pa1\debug\a.obj
\\mac\home\documents\github\scotteffectiveseries\selfadded\effectiveitems\pa1\debug\testingclass.obj
\\mac\home\documents\github\scotteffectiveseries\selfadded\effectiveitems\pa1\debug\item7.obj
\\mac\home\documents\github\scotteffectiveseries\selfadded\effectiveitems\pa1\debug\insertionsort.obj
\\mac\home\documents\github\scotteffectiveseries\selfadded\effectiveitems\pa1\debug\threadhelper.obj
\\mac\home\documents\github\scotteffectiveseries\selfadded\effectiveitems\pa1\debug\threaddictionary.obj
\\mac\home\documents\github\scotteffectiveseries\selfadded\effectiveitems\pa1\debug\main.obj
\\mac\home\documents\github\scotteffectiveseries\selfadded\effectiveitems\debug\effectiveitems.pdb
\\mac\home\documents\github\scotteffectiveseries\selfadded\effectiveitems\pa1\debug\effectiveitems.tlog\link-cvtres.read.1.tlog
\\mac\home\documents\github\scotteffectiveseries\selfadded\effectiveitems\pa1\debug\effectiveitems.tlog\link.read.1.tlog
\\mac\home\documents\github\scotteffectiveseries\selfadded\effectiveitems\pa1\debug\effectiveitems.tlog\link.command.1.tlog
\\mac\home\documents\github\scotteffectiveseries\selfadded\effectiveitems\pa1\debug\effectiveitems.tlog\link.write.1.tlog
\\mac\home\documents\github\scotteffectiveseries\selfadded\effectiveitems\pa1\debug\effectiveitems.tlog\cl.read.1.tlog
\\mac\home\documents\github\scotteffectiveseries\selfadded\effectiveitems\pa1\debug\effectiveitems.tlog\link-rc.write.1.tlog
\\mac\home\documents\github\scotteffectiveseries\selfadded\effectiveitems\pa1\debug\effectiveitems.tlog\link-rc.read.1.tlog
\\mac\home\documents\github\scotteffectiveseries\selfadded\effectiveitems\pa1\debug\effectiveitems.tlog\link-cvtres.write.1.tlog
\\mac\home\documents\github\scotteffectiveseries\selfadded\effectiveitems\pa1\debug\effectiveitems.tlog\cl.command.1.tlog
\\mac\home\documents\github\scotteffectiveseries\selfadded\effectiveitems\pa1\debug\effectiveitems.tlog\cl.write.1.tlog
>>>>>>> 783942ef3adc127ce34734b12c3de1c25f98e00f
